  [1m[36m (0.1ms)[0m  [1mselect sqlite_version(*)[0m
  [1m[35m (1.4ms)[0m  CREATE TABLE "schema_migrations" ("version" varchar(255) NOT NULL) 
  [1m[36m (0.0ms)[0m  [1mPRAGMA index_list("schema_migrations")[0m
  [1m[35m (1.2ms)[0m  CREATE UNIQUE INDEX "unique_schema_migrations" ON "schema_migrations" ("version")
  [1m[36m (0.1ms)[0m  [1mSELECT "schema_migrations"."version" FROM "schema_migrations" [0m
Migrating to CreateAccount (20120528164634)
  [1m[35m (0.4ms)[0m  CREATE TABLE "accounts" ("id" INTEGER PRIMARY KEY AUTOINCREMENT NOT NULL, "created_at" datetime, "updated_at" datetime) 
  [1m[36m (0.1ms)[0m  [1mINSERT INTO "schema_migrations" ("version") VALUES ('20120528164634')[0m
Migrating to AddDeviseToUsers (20120529134109)
  [1m[35m (0.4ms)[0m  CREATE TABLE "users" ("id" INTEGER PRIMARY KEY AUTOINCREMENT NOT NULL, "email" varchar(255) DEFAULT '' NOT NULL, "encrypted_password" varchar(255) DEFAULT '' NOT NULL, "reset_password_token" varchar(255), "reset_password_sent_at" datetime, "remember_created_at" datetime, "confirmation_token" varchar(255), "confirmed_at" datetime, "confirmation_sent_at" datetime, "unconfirmed_email" varchar(255), "created_at" datetime, "updated_at" datetime) 
  [1m[36m (0.0ms)[0m  [1mPRAGMA index_list("users")[0m
  [1m[35m (0.3ms)[0m  CREATE UNIQUE INDEX "index_users_on_email" ON "users" ("email")
  [1m[36m (0.0ms)[0m  [1mPRAGMA index_list("users")[0m
  [1m[35m (0.0ms)[0m  PRAGMA index_info('index_users_on_email')
  [1m[36m (0.2ms)[0m  [1mCREATE UNIQUE INDEX "index_users_on_reset_password_token" ON "users" ("reset_password_token")[0m
  [1m[35m (0.0ms)[0m  PRAGMA index_list("users")
  [1m[36m (0.0ms)[0m  [1mPRAGMA index_info('index_users_on_reset_password_token')[0m
  [1m[35m (0.0ms)[0m  PRAGMA index_info('index_users_on_email')
  [1m[36m (0.1ms)[0m  [1mCREATE UNIQUE INDEX "index_users_on_confirmation_token" ON "users" ("confirmation_token")[0m
  [1m[35m (0.1ms)[0m  INSERT INTO "schema_migrations" ("version") VALUES ('20120529134109')
Migrating to AddBirthdateAndNameToUser (20120529162901)
  [1m[36m (0.6ms)[0m  [1mALTER TABLE "users" ADD "birthdate" date[0m
  [1m[35m (0.2ms)[0m  ALTER TABLE "users" ADD "name" varchar(255)
  [1m[36m (0.1ms)[0m  [1mINSERT INTO "schema_migrations" ("version") VALUES ('20120529162901')[0m
Migrating to AddNameAndSubscriptionIdAndUserIdToAccount (20120529174755)
  [1m[35m (0.4ms)[0m  ALTER TABLE "accounts" ADD "name" varchar(255)
  [1m[36m (0.1ms)[0m  [1mALTER TABLE "accounts" ADD "subscription_id" integer[0m
  [1m[35m (0.1ms)[0m  ALTER TABLE "accounts" ADD "user_id" integer
  [1m[36m (0.1ms)[0m  [1mINSERT INTO "schema_migrations" ("version") VALUES ('20120529174755')[0m
Migrating to CreateAccountUsers (20120529180814)
  [1m[35m (0.3ms)[0m  CREATE TABLE "account_users" ("id" INTEGER PRIMARY KEY AUTOINCREMENT NOT NULL, "account_id" integer, "user_id" integer) 
  [1m[36m (0.1ms)[0m  [1mINSERT INTO "schema_migrations" ("version") VALUES ('20120529180814')[0m
Migrating to RemoveUserIdFromAccounts (20120530114709)
  [1m[35m (0.4ms)[0m  CREATE TEMPORARY TABLE "altered_accounts" ("id" INTEGER PRIMARY KEY AUTOINCREMENT NOT NULL, "created_at" datetime, "updated_at" datetime, "name" varchar(255), "subscription_id" integer, "user_id" integer) 
  [1m[36m (0.0ms)[0m  [1mPRAGMA index_list("accounts")[0m
  [1m[35m (0.1ms)[0m  SELECT * FROM "accounts"
  [1m[36m (0.3ms)[0m  [1mDROP TABLE "accounts"[0m
  [1m[35m (0.1ms)[0m  CREATE TABLE "accounts" ("id" INTEGER PRIMARY KEY AUTOINCREMENT NOT NULL, "created_at" datetime, "updated_at" datetime, "name" varchar(255), "subscription_id" integer) 
  [1m[36m (0.0ms)[0m  [1mPRAGMA index_list("altered_accounts")[0m
  [1m[35m (0.0ms)[0m  SELECT * FROM "altered_accounts"
  [1m[36m (0.3ms)[0m  [1mDROP TABLE "altered_accounts"[0m
  [1m[35m (0.1ms)[0m  INSERT INTO "schema_migrations" ("version") VALUES ('20120530114709')
Migrating to CreateAccountRoles (20120531171438)
  [1m[36m (0.4ms)[0m  [1mCREATE TABLE "account_roles" ("id" INTEGER PRIMARY KEY AUTOINCREMENT NOT NULL, "name" varchar(255), "account_user_id" integer) [0m
  [1m[35m (0.1ms)[0m  INSERT INTO "schema_migrations" ("version") VALUES ('20120531171438')
  [1m[36m (0.3ms)[0m  [1mselect sqlite_version(*)[0m
  [1m[35m (0.1ms)[0m  SELECT "schema_migrations"."version" FROM "schema_migrations" 
  [1m[36m (0.0ms)[0m  [1mPRAGMA index_list("account_roles")[0m
  [1m[35m (0.0ms)[0m  PRAGMA index_list("account_users")
  [1m[36m (0.0ms)[0m  [1mPRAGMA index_list("accounts")[0m
  [1m[35m (0.0ms)[0m  PRAGMA index_list("users")
  [1m[36m (0.0ms)[0m  [1mPRAGMA index_info('index_users_on_confirmation_token')[0m
  [1m[35m (0.0ms)[0m  PRAGMA index_info('index_users_on_reset_password_token')
  [1m[36m (0.0ms)[0m  [1mPRAGMA index_info('index_users_on_email')[0m
